[debug] [2017-08-27T02:11:41.060Z] ----------------------------------------------------------------------
[debug] [2017-08-27T02:11:41.073Z] Command:       /usr/local/bin/node /usr/local/bin/firebase serve
[debug] [2017-08-27T02:11:41.075Z] CLI Version:   3.9.2
[debug] [2017-08-27T02:11:41.075Z] Platform:      linux
[debug] [2017-08-27T02:11:41.076Z] Node Version:  v6.11.2
[debug] [2017-08-27T02:11:41.076Z] Time:          Sat Aug 26 2017 21:11:41 GMT-0500 (CDT)
[debug] [2017-08-27T02:11:41.076Z] ----------------------------------------------------------------------
[debug] 
[debug] [2017-08-27T02:11:41.130Z] > command requires scopes: ["email","openid","https://www.googleapis.com/auth/cloudplatformprojects.readonly","https://www.googleapis.com/auth/firebase","https://www.googleapis.com/auth/cloud-platform"]
[debug] [2017-08-27T02:11:41.131Z] > authorizing via signed-in user
[debug] [2017-08-27T02:11:41.141Z] > refreshing access token with scopes: ["email","https://www.googleapis.com/auth/cloud-platform","https://www.googleapis.com/auth/cloudplatformprojects.readonly","https://www.googleapis.com/auth/firebase","openid"]
[debug] [2017-08-27T02:11:41.143Z] >>> HTTP REQUEST POST https://www.googleapis.com/oauth2/v3/token { refresh_token: '1/7wHIK9VaSeLRN8dX_z2pbntuYC0tqeeYMWIx_I_2vHH0ic_WtZ6E4s-X2kV6gdCT',
  client_id: '563584335869-fgrhgmd47bqnekij5i8b5pr03ho849e6.apps.googleusercontent.com',
  client_secret: 'j9iVZfS8kkCEFUPaAeJV0sAi',
  grant_type: 'refresh_token',
  scope: 'email https://www.googleapis.com/auth/cloud-platform https://www.googleapis.com/auth/cloudplatformprojects.readonly https://www.googleapis.com/auth/firebase openid' } 
 Sat Aug 26 2017 21:11:41 GMT-0500 (CDT)
[debug] [2017-08-27T02:11:41.522Z] <<< HTTP RESPONSE 200
[debug] [2017-08-27T02:11:41.581Z] >>> HTTP REQUEST GET https://admin.firebase.com/v1/projects/miproyecto-21356  
 Sat Aug 26 2017 21:11:41 GMT-0500 (CDT)
[debug] [2017-08-27T02:11:42.006Z] <<< HTTP RESPONSE 200
[debug] [2017-08-27T02:11:42.010Z] >>> HTTP REQUEST GET https://admin.firebase.com/v1/database/miproyecto-21356/tokens  
 Sat Aug 26 2017 21:11:42 GMT-0500 (CDT)
[debug] [2017-08-27T02:11:42.459Z] <<< HTTP RESPONSE 200
[info] 
[info] === Serving from '/var/www/html/firebase'...
[info] 
[debug] [2017-08-27T02:11:42.507Z] >>> HTTP REQUEST GET https://cloudresourcemanager.googleapis.com/v1/projects/miproyecto-21356  
 Sat Aug 26 2017 21:11:42 GMT-0500 (CDT)
[debug] [2017-08-27T02:11:42.834Z] <<< HTTP RESPONSE 200
[debug] [2017-08-27T02:11:42.837Z] >>> HTTP REQUEST GET https://mobilesdk-pa.googleapis.com/v1/projects/653347283129/clients/_:getWebAppConfig  
 Sat Aug 26 2017 21:11:42 GMT-0500 (CDT)
[debug] [2017-08-27T02:11:43.257Z] <<< HTTP RESPONSE 200
[info] ✔  hosting: Local server: http://localhost:5000

